# JRE version: Java(TM) SE Runtime Environment (8.0_05-b13) (build 1.8.0_05-b13)
# Java VM: Java HotSpot(TM) 64-Bit Server VM (25.5-b02 mixed mode windows-amd64 compressed oops)
Heap:
 PSYoungGen      total 9728K, used 7627K [0x00000000eb200000, 0x00000000ec200000, 0x0000000100000000)
  eden space 8192K, 79% used [0x00000000eb200000,0x00000000eb862e80,0x00000000eba00000)
  from space 1536K, 70% used [0x00000000eba00000,0x00000000ebb10000,0x00000000ebb80000)
  to   space 1536K, 0% used [0x00000000ec080000,0x00000000ec080000,0x00000000ec200000)
 ParOldGen       total 64000K, used 6577K [0x00000000c1600000, 0x00000000c5480000, 0x00000000eb200000)
  object space 64000K, 10% used [0x00000000c1600000,0x00000000c1c6c790,0x00000000c5480000)
 Metaspace       used 11314K, capacity 11492K, committed 11648K, reserved 1058816K
  class space    used 1294K, capacity 1343K, committed 1408K, reserved 1048576K
GC Heap History (10 events):
Event: 0.255 GC heap before
{Heap before GC invocations=5 (full 0):
 PSYoungGen      total 2560K, used 2516K [0x00000000eb200000, 0x00000000eb500000, 0x0000000100000000)
  eden space 2048K, 98% used [0x00000000eb200000,0x00000000eb3f93d0,0x00000000eb400000)
  from space 512K, 96% used [0x00000000eb480000,0x00000000eb4fc010,0x00000000eb500000)
  to   space 512K, 0% used [0x00000000eb400000,0x00000000eb400000,0x00000000eb480000)
 ParOldGen       total 64000K, used 551K [0x00000000c1600000, 0x00000000c5480000, 0x00000000eb200000)
  object space 64000K, 0% used [0x00000000c1600000,0x00000000c1689e88,0x00000000c5480000)
 Metaspace       used 3978K, capacity 5056K, committed 5120K, reserved 1056768K
  class space    used 452K, capacity 496K, committed 512K, reserved 1048576K
Event: 0.257 GC heap after
Heap after GC invocations=5 (full 0):
 PSYoungGen      total 2560K, used 511K [0x00000000eb200000, 0x00000000eb900000, 0x0000000100000000)
  eden space 2048K, 0% used [0x00000000eb200000,0x00000000eb200000,0x00000000eb400000)
  from space 512K, 99% used [0x00000000eb400000,0x00000000eb47fc10,0x00000000eb480000)
  to   space 1536K, 0% used [0x00000000eb780000,0x00000000eb780000,0x00000000eb900000)
 ParOldGen       total 64000K, used 921K [0x00000000c1600000, 0x00000000c5480000, 0x00000000eb200000)
  object space 64000K, 1% used [0x00000000c1600000,0x00000000c16e6780,0x00000000c5480000)
 Metaspace       used 3978K, capacity 5056K, committed 5120K, reserved 1056768K
  class space    used 452K, capacity 496K, committed 512K, reserved 1048576K
}
Event: 0.309 GC heap before
{Heap before GC invocations=6 (full 0):
 PSYoungGen      total 2560K, used 2559K [0x00000000eb200000, 0x00000000eb900000, 0x0000000100000000)
  eden space 2048K, 100% used [0x00000000eb200000,0x00000000eb400000,0x00000000eb400000)
  from space 512K, 99% used [0x00000000eb400000,0x00000000eb47fc10,0x00000000eb480000)
  to   space 1536K, 0% used [0x00000000eb780000,0x00000000eb780000,0x00000000eb900000)
 ParOldGen       total 64000K, used 921K [0x00000000c1600000, 0x00000000c5480000, 0x00000000eb200000)
  object space 64000K, 1% used [0x00000000c1600000,0x00000000c16e6780,0x00000000c5480000)
 Metaspace       used 4679K, capacity 5664K, committed 6016K, reserved 1056768K
  class space    used 484K, capacity 528K, committed 640K, reserved 1048576K
Event: 0.321 GC heap after
Heap after GC invocations=6 (full 0):
 PSYoungGen      total 5120K, used 704K [0x00000000eb200000, 0x00000000eb880000, 0x0000000100000000)
  eden space 4096K, 0% used [0x00000000eb200000,0x00000000eb200000,0x00000000eb600000)
  from space 1024K, 68% used [0x00000000eb780000,0x00000000eb830000,0x00000000eb880000)
  to   space 1024K, 0% used [0x00000000eb680000,0x00000000eb680000,0x00000000eb780000)
 ParOldGen       total 64000K, used 921K [0x00000000c1600000, 0x00000000c5480000, 0x00000000eb200000)
  object space 64000K, 1% used [0x00000000c1600000,0x00000000c16e6780,0x00000000c5480000)
 Metaspace       used 4679K, capacity 5664K, committed 6016K, reserved 1056768K
  class space    used 484K, capacity 528K, committed 640K, reserved 1048576K
}
Event: 0.394 GC heap before
{Heap before GC invocations=7 (full 0):
 PSYoungGen      total 5120K, used 4800K [0x00000000eb200000, 0x00000000eb880000, 0x0000000100000000)
  eden space 4096K, 100% used [0x00000000eb200000,0x00000000eb600000,0x00000000eb600000)
  from space 1024K, 68% used [0x00000000eb780000,0x00000000eb830000,0x00000000eb880000)
  to   space 1024K, 0% used [0x00000000eb680000,0x00000000eb680000,0x00000000eb780000)
 ParOldGen       total 64000K, used 921K [0x00000000c1600000, 0x00000000c5480000, 0x00000000eb200000)
  object space 64000K, 1% used [0x00000000c1600000,0x00000000c16e6780,0x00000000c5480000)
 Metaspace       used 5382K, capacity 6272K, committed 6528K, reserved 1056768K
  class space    used 593K, capacity 624K, committed 640K, reserved 1048576K
Event: 0.395 GC heap after
Heap after GC invocations=7 (full 0):
 PSYoungGen      total 5632K, used 832K [0x00000000eb200000, 0x00000000ebd00000, 0x0000000100000000)
  eden space 4608K, 0% used [0x00000000eb200000,0x00000000eb200000,0x00000000eb680000)
  from space 1024K, 81% used [0x00000000eb680000,0x00000000eb750000,0x00000000eb780000)
  to   space 1536K, 0% used [0x00000000ebb80000,0x00000000ebb80000,0x00000000ebd00000)
 ParOldGen       total 64000K, used 1129K [0x00000000c1600000, 0x00000000c5480000, 0x00000000eb200000)
  object space 64000K, 1% used [0x00000000c1600000,0x00000000c171a780,0x00000000c5480000)
 Metaspace       used 5382K, capacity 6272K, committed 6528K, reserved 1056768K
  class space    used 593K, capacity 624K, committed 640K, reserved 1048576K
}
Event: 0.500 GC heap before
{Heap before GC invocations=8 (full 0):
 PSYoungGen      total 5632K, used 5440K [0x00000000eb200000, 0x00000000ebd00000, 0x0000000100000000)
  eden space 4608K, 100% used [0x00000000eb200000,0x00000000eb680000,0x00000000eb680000)
  from space 1024K, 81% used [0x00000000eb680000,0x00000000eb750000,0x00000000eb780000)
  to   space 1536K, 0% used [0x00000000ebb80000,0x00000000ebb80000,0x00000000ebd00000)
 ParOldGen       total 64000K, used 1129K [0x00000000c1600000, 0x00000000c5480000, 0x00000000eb200000)
  object space 64000K, 1% used [0x00000000c1600000,0x00000000c171a780,0x00000000c5480000)
 Metaspace       used 6165K, capacity 6726K, committed 6912K, reserved 1056768K
  class space    used 658K, capacity 689K, committed 768K, reserved 1048576K
Event: 0.509 GC heap after
Heap after GC invocations=8 (full 0):
 PSYoungGen      total 9728K, used 498K [0x00000000eb200000, 0x00000000ebe00000, 0x0000000100000000)
  eden space 8192K, 0% used [0x00000000eb200000,0x00000000eb200000,0x00000000eba00000)
  from space 1536K, 32% used [0x00000000ebb80000,0x00000000ebbfca00,0x00000000ebd00000)
  to   space 1536K, 0% used [0x00000000eba00000,0x00000000eba00000,0x00000000ebb80000)
 ParOldGen       total 64000K, used 1313K [0x00000000c1600000, 0x00000000c5480000, 0x00000000eb200000)
  object space 64000K, 2% used [0x00000000c1600000,0x00000000c1748780,0x00000000c5480000)
 Metaspace       used 6165K, capacity 6726K, committed 6912K, reserved 1056768K
  class space    used 658K, capacity 689K, committed 768K, reserved 1048576K
}
Event: 2.431 GC heap before
{Heap before GC invocations=9 (full 0):
 PSYoungGen      total 9728K, used 8690K [0x00000000eb200000, 0x00000000ebe00000, 0x0000000100000000)
  eden space 8192K, 100% used [0x00000000eb200000,0x00000000eba00000,0x00000000eba00000)
  from space 1536K, 32% used [0x00000000ebb80000,0x00000000ebbfca00,0x00000000ebd00000)
  to   space 1536K, 0% used [0x00000000eba00000,0x00000000eba00000,0x00000000ebb80000)
 ParOldGen       total 64000K, used 1313K [0x00000000c1600000, 0x00000000c5480000, 0x00000000eb200000)
  object space 64000K, 2% used [0x00000000c1600000,0x00000000c1748780,0x00000000c5480000)
 Metaspace       used 11257K, capacity 11428K, committed 11648K, reserved 1058816K
  class space    used 1282K, capacity 1343K, committed 1408K, reserved 1048576K
Event: 2.444 GC heap after
Heap after GC invocations=9 (full 0):
 PSYoungGen      total 9728K, used 1088K [0x00000000eb200000, 0x00000000ec200000, 0x0000000100000000)
  eden space 8192K, 0% used [0x00000000eb200000,0x00000000eb200000,0x00000000eba00000)
  from space 1536K, 70% used [0x00000000eba00000,0x00000000ebb10000,0x00000000ebb80000)
  to   space 1536K, 0% used [0x00000000ec080000,0x00000000ec080000,0x00000000ec200000)
 ParOldGen       total 64000K, used 1457K [0x00000000c1600000, 0x00000000c5480000, 0x00000000eb200000)
  object space 64000K, 2% used [0x00000000c1600000,0x00000000c176c780,0x00000000c5480000)
 Metaspace       used 11257K, capacity 11428K, committed 11648K, reserved 1058816K
  class space    used 1282K, capacity 1343K, committed 1408K, reserved 1048576K
}

