# JRE version: Java(TM) SE Runtime Environment (8.0_05-b13) (build 1.8.0_05-b13)
# Java VM: Java HotSpot(TM) 64-Bit Server VM (25.5-b02 mixed mode windows-amd64 compressed oops)
Heap:
 PSYoungGen      total 9728K, used 8089K [0x00000000eb200000, 0x00000000ec200000, 0x0000000100000000)
  eden space 8192K, 90% used [0x00000000eb200000,0x00000000eb9335b0,0x00000000eba00000)
  from space 1536K, 46% used [0x00000000eba00000,0x00000000ebab3140,0x00000000ebb80000)
  to   space 1536K, 0% used [0x00000000ec080000,0x00000000ec080000,0x00000000ec200000)
 ParOldGen       total 64000K, used 1948K [0x00000000c1600000, 0x00000000c5480000, 0x00000000eb200000)
  object space 64000K, 3% used [0x00000000c1600000,0x00000000c17e72c0,0x00000000c5480000)
 Metaspace       used 11515K, capacity 11684K, committed 11904K, reserved 1060864K
  class space    used 1305K, capacity 1343K, committed 1408K, reserved 1048576K
GC Heap History (10 events):
Event: 0.293 GC heap before
{Heap before GC invocations=5 (full 0):
 PSYoungGen      total 2560K, used 2560K [0x00000000eb200000, 0x00000000eb500000, 0x0000000100000000)
  eden space 2048K, 100% used [0x00000000eb200000,0x00000000eb400000,0x00000000eb400000)
  from space 512K, 100% used [0x00000000eb480000,0x00000000eb500000,0x00000000eb500000)
  to   space 512K, 0% used [0x00000000eb400000,0x00000000eb400000,0x00000000eb480000)
 ParOldGen       total 64000K, used 601K [0x00000000c1600000, 0x00000000c5480000, 0x00000000eb200000)
  object space 64000K, 0% used [0x00000000c1600000,0x00000000c1696690,0x00000000c5480000)
 Metaspace       used 7588K, capacity 7742K, committed 7936K, reserved 1056768K
  class space    used 871K, capacity 926K, committed 1024K, reserved 1048576K
Event: 0.295 GC heap after
Heap after GC invocations=5 (full 0):
 PSYoungGen      total 2560K, used 512K [0x00000000eb200000, 0x00000000eb900000, 0x0000000100000000)
  eden space 2048K, 0% used [0x00000000eb200000,0x00000000eb200000,0x00000000eb400000)
  from space 512K, 100% used [0x00000000eb400000,0x00000000eb480000,0x00000000eb480000)
  to   space 1536K, 0% used [0x00000000eb780000,0x00000000eb780000,0x00000000eb900000)
 ParOldGen       total 64000K, used 1260K [0x00000000c1600000, 0x00000000c5480000, 0x00000000eb200000)
  object space 64000K, 1% used [0x00000000c1600000,0x00000000c173b2c0,0x00000000c5480000)
 Metaspace       used 7588K, capacity 7742K, committed 7936K, reserved 1056768K
  class space    used 871K, capacity 926K, committed 1024K, reserved 1048576K
}
Event: 0.346 GC heap before
{Heap before GC invocations=6 (full 0):
 PSYoungGen      total 2560K, used 2560K [0x00000000eb200000, 0x00000000eb900000, 0x0000000100000000)
  eden space 2048K, 100% used [0x00000000eb200000,0x00000000eb400000,0x00000000eb400000)
  from space 512K, 100% used [0x00000000eb400000,0x00000000eb480000,0x00000000eb480000)
  to   space 1536K, 0% used [0x00000000eb780000,0x00000000eb780000,0x00000000eb900000)
 ParOldGen       total 64000K, used 1260K [0x00000000c1600000, 0x00000000c5480000, 0x00000000eb200000)
  object space 64000K, 1% used [0x00000000c1600000,0x00000000c173b2c0,0x00000000c5480000)
 Metaspace       used 8705K, capacity 8830K, committed 9088K, reserved 1056768K
  class space    used 1009K, capacity 1054K, committed 1152K, reserved 1048576K
Event: 0.347 GC heap after
Heap after GC invocations=6 (full 0):
 PSYoungGen      total 5632K, used 987K [0x00000000eb200000, 0x00000000eb900000, 0x0000000100000000)
  eden space 4096K, 0% used [0x00000000eb200000,0x00000000eb200000,0x00000000eb600000)
  from space 1536K, 64% used [0x00000000eb780000,0x00000000eb876ef0,0x00000000eb900000)
  to   space 1536K, 0% used [0x00000000eb600000,0x00000000eb600000,0x00000000eb780000)
 ParOldGen       total 64000K, used 1260K [0x00000000c1600000, 0x00000000c5480000, 0x00000000eb200000)
  object space 64000K, 1% used [0x00000000c1600000,0x00000000c173b2c0,0x00000000c5480000)
 Metaspace       used 8705K, capacity 8830K, committed 9088K, reserved 1056768K
  class space    used 1009K, capacity 1054K, committed 1152K, reserved 1048576K
}
Event: 0.429 GC heap before
{Heap before GC invocations=7 (full 0):
 PSYoungGen      total 5632K, used 5083K [0x00000000eb200000, 0x00000000eb900000, 0x0000000100000000)
  eden space 4096K, 100% used [0x00000000eb200000,0x00000000eb600000,0x00000000eb600000)
  from space 1536K, 64% used [0x00000000eb780000,0x00000000eb876ef0,0x00000000eb900000)
  to   space 1536K, 0% used [0x00000000eb600000,0x00000000eb600000,0x00000000eb780000)
 ParOldGen       total 64000K, used 1260K [0x00000000c1600000, 0x00000000c5480000, 0x00000000eb200000)
  object space 64000K, 1% used [0x00000000c1600000,0x00000000c173b2c0,0x00000000c5480000)
 Metaspace       used 9973K, capacity 10174K, committed 10496K, reserved 1058816K
  class space    used 1121K, capacity 1182K, committed 1280K, reserved 1048576K
Event: 0.433 GC heap after
Heap after GC invocations=7 (full 0):
 PSYoungGen      total 5632K, used 992K [0x00000000eb200000, 0x00000000ebd00000, 0x0000000100000000)
  eden space 4096K, 0% used [0x00000000eb200000,0x00000000eb200000,0x00000000eb600000)
  from space 1536K, 64% used [0x00000000eb600000,0x00000000eb6f8000,0x00000000eb780000)
  to   space 1536K, 0% used [0x00000000ebb80000,0x00000000ebb80000,0x00000000ebd00000)
 ParOldGen       total 64000K, used 1420K [0x00000000c1600000, 0x00000000c5480000, 0x00000000eb200000)
  object space 64000K, 2% used [0x00000000c1600000,0x00000000c17632c0,0x00000000c5480000)
 Metaspace       used 9973K, capacity 10174K, committed 10496K, reserved 1058816K
  class space    used 1121K, capacity 1182K, committed 1280K, reserved 1048576K
}
Event: 0.503 GC heap before
{Heap before GC invocations=8 (full 0):
 PSYoungGen      total 5632K, used 5088K [0x00000000eb200000, 0x00000000ebd00000, 0x0000000100000000)
  eden space 4096K, 100% used [0x00000000eb200000,0x00000000eb600000,0x00000000eb600000)
  from space 1536K, 64% used [0x00000000eb600000,0x00000000eb6f8000,0x00000000eb780000)
  to   space 1536K, 0% used [0x00000000ebb80000,0x00000000ebb80000,0x00000000ebd00000)
 ParOldGen       total 64000K, used 1420K [0x00000000c1600000, 0x00000000c5480000, 0x00000000eb200000)
  object space 64000K, 2% used [0x00000000c1600000,0x00000000c17632c0,0x00000000c5480000)
 Metaspace       used 10604K, capacity 10718K, committed 10752K, reserved 1058816K
  class space    used 1221K, capacity 1278K, committed 1280K, reserved 1048576K
Event: 0.505 GC heap after
Heap after GC invocations=8 (full 0):
 PSYoungGen      total 9728K, used 832K [0x00000000eb200000, 0x00000000ebd00000, 0x0000000100000000)
  eden space 8192K, 0% used [0x00000000eb200000,0x00000000eb200000,0x00000000eba00000)
  from space 1536K, 54% used [0x00000000ebb80000,0x00000000ebc50000,0x00000000ebd00000)
  to   space 1536K, 0% used [0x00000000eba00000,0x00000000eba00000,0x00000000ebb80000)
 ParOldGen       total 64000K, used 1644K [0x00000000c1600000, 0x00000000c5480000, 0x00000000eb200000)
  object space 64000K, 2% used [0x00000000c1600000,0x00000000c179b2c0,0x00000000c5480000)
 Metaspace       used 10604K, capacity 10718K, committed 10752K, reserved 1058816K
  class space    used 1221K, capacity 1278K, committed 1280K, reserved 1048576K
}
Event: 0.686 GC heap before
{Heap before GC invocations=9 (full 0):
 PSYoungGen      total 9728K, used 9024K [0x00000000eb200000, 0x00000000ebd00000, 0x0000000100000000)
  eden space 8192K, 100% used [0x00000000eb200000,0x00000000eba00000,0x00000000eba00000)
  from space 1536K, 54% used [0x00000000ebb80000,0x00000000ebc50000,0x00000000ebd00000)
  to   space 1536K, 0% used [0x00000000eba00000,0x00000000eba00000,0x00000000ebb80000)
 ParOldGen       total 64000K, used 1644K [0x00000000c1600000, 0x00000000c5480000, 0x00000000eb200000)
  object space 64000K, 2% used [0x00000000c1600000,0x00000000c179b2c0,0x00000000c5480000)
 Metaspace       used 11308K, capacity 11460K, committed 11648K, reserved 1058816K
  class space    used 1276K, capacity 1311K, committed 1408K, reserved 1048576K
Event: 0.687 GC heap after
Heap after GC invocations=9 (full 0):
 PSYoungGen      total 9728K, used 716K [0x00000000eb200000, 0x00000000ec200000, 0x0000000100000000)
  eden space 8192K, 0% used [0x00000000eb200000,0x00000000eb200000,0x00000000eba00000)
  from space 1536K, 46% used [0x00000000eba00000,0x00000000ebab3140,0x00000000ebb80000)
  to   space 1536K, 0% used [0x00000000ec080000,0x00000000ec080000,0x00000000ec200000)
 ParOldGen       total 64000K, used 1948K [0x00000000c1600000, 0x00000000c5480000, 0x00000000eb200000)
  object space 64000K, 3% used [0x00000000c1600000,0x00000000c17e72c0,0x00000000c5480000)
 Metaspace       used 11308K, capacity 11460K, committed 11648K, reserved 1058816K
  class space    used 1276K, capacity 1311K, committed 1408K, reserved 1048576K
}

