# JRE version: Java(TM) SE Runtime Environment (8.0_05-b13) (build 1.8.0_05-b13)
# Java VM: Java HotSpot(TM) 64-Bit Server VM (25.5-b02 mixed mode windows-amd64 compressed oops)
Heap:
 PSYoungGen      total 5632K, used 2377K [0x00000000eb200000, 0x00000000eb900000, 0x0000000100000000)
  eden space 4096K, 54% used [0x00000000eb200000,0x00000000eb42a548,0x00000000eb600000)
  from space 1536K, 10% used [0x00000000eb600000,0x00000000eb628000,0x00000000eb780000)
  to   space 1536K, 0% used [0x00000000eb780000,0x00000000eb780000,0x00000000eb900000)
 ParOldGen       total 64000K, used 2511K [0x00000000c1600000, 0x00000000c5480000, 0x00000000eb200000)
  object space 64000K, 3% used [0x00000000c1600000,0x00000000c1873e70,0x00000000c5480000)
 Metaspace       used 11519K, capacity 11684K, committed 11904K, reserved 1060864K
  class space    used 1305K, capacity 1343K, committed 1408K, reserved 1048576K
GC Heap History (10 events):
Event: 2.418 GC heap before
{Heap before GC invocations=9 (full 0):
 PSYoungGen      total 5632K, used 5216K [0x00000000eb200000, 0x00000000eb900000, 0x0000000100000000)
  eden space 4096K, 100% used [0x00000000eb200000,0x00000000eb600000,0x00000000eb600000)
  from space 1536K, 72% used [0x00000000eb780000,0x00000000eb898000,0x00000000eb900000)
  to   space 1536K, 0% used [0x00000000eb600000,0x00000000eb600000,0x00000000eb780000)
 ParOldGen       total 64000K, used 1260K [0x00000000c1600000, 0x00000000c5480000, 0x00000000eb200000)
  object space 64000K, 1% used [0x00000000c1600000,0x00000000c173b060,0x00000000c5480000)
 Metaspace       used 10131K, capacity 10238K, committed 10496K, reserved 1058816K
  class space    used 1149K, capacity 1182K, committed 1280K, reserved 1048576K
Event: 2.419 GC heap after
Heap after GC invocations=9 (full 0):
 PSYoungGen      total 5632K, used 1088K [0x00000000eb200000, 0x00000000eb900000, 0x0000000100000000)
  eden space 4096K, 0% used [0x00000000eb200000,0x00000000eb200000,0x00000000eb600000)
  from space 1536K, 70% used [0x00000000eb600000,0x00000000eb710000,0x00000000eb780000)
  to   space 1536K, 0% used [0x00000000eb780000,0x00000000eb780000,0x00000000eb900000)
 ParOldGen       total 64000K, used 1660K [0x00000000c1600000, 0x00000000c5480000, 0x00000000eb200000)
  object space 64000K, 2% used [0x00000000c1600000,0x00000000c179f060,0x00000000c5480000)
 Metaspace       used 10131K, capacity 10238K, committed 10496K, reserved 1058816K
  class space    used 1149K, capacity 1182K, committed 1280K, reserved 1048576K
}
Event: 2.605 GC heap before
{Heap before GC invocations=10 (full 0):
 PSYoungGen      total 5632K, used 5184K [0x00000000eb200000, 0x00000000eb900000, 0x0000000100000000)
  eden space 4096K, 100% used [0x00000000eb200000,0x00000000eb600000,0x00000000eb600000)
  from space 1536K, 70% used [0x00000000eb600000,0x00000000eb710000,0x00000000eb780000)
  to   space 1536K, 0% used [0x00000000eb780000,0x00000000eb780000,0x00000000eb900000)
 ParOldGen       total 64000K, used 1660K [0x00000000c1600000, 0x00000000c5480000, 0x00000000eb200000)
  object space 64000K, 2% used [0x00000000c1600000,0x00000000c179f060,0x00000000c5480000)
 Metaspace       used 10654K, capacity 10782K, committed 11008K, reserved 1058816K
  class space    used 1226K, capacity 1278K, committed 1280K, reserved 1048576K
Event: 2.606 GC heap after
Heap after GC invocations=10 (full 0):
 PSYoungGen      total 5632K, used 416K [0x00000000eb200000, 0x00000000eb900000, 0x0000000100000000)
  eden space 4096K, 0% used [0x00000000eb200000,0x00000000eb200000,0x00000000eb600000)
  from space 1536K, 27% used [0x00000000eb780000,0x00000000eb7e8000,0x00000000eb900000)
  to   space 1536K, 0% used [0x00000000eb600000,0x00000000eb600000,0x00000000eb780000)
 ParOldGen       total 64000K, used 2200K [0x00000000c1600000, 0x00000000c5480000, 0x00000000eb200000)
  object space 64000K, 3% used [0x00000000c1600000,0x00000000c1826388,0x00000000c5480000)
 Metaspace       used 10654K, capacity 10782K, committed 11008K, reserved 1058816K
  class space    used 1226K, capacity 1278K, committed 1280K, reserved 1048576K
}
Event: 2.891 GC heap before
{Heap before GC invocations=11 (full 0):
 PSYoungGen      total 5632K, used 4512K [0x00000000eb200000, 0x00000000eb900000, 0x0000000100000000)
  eden space 4096K, 100% used [0x00000000eb200000,0x00000000eb600000,0x00000000eb600000)
  from space 1536K, 27% used [0x00000000eb780000,0x00000000eb7e8000,0x00000000eb900000)
  to   space 1536K, 0% used [0x00000000eb600000,0x00000000eb600000,0x00000000eb780000)
 ParOldGen       total 64000K, used 2200K [0x00000000c1600000, 0x00000000c5480000, 0x00000000eb200000)
  object space 64000K, 3% used [0x00000000c1600000,0x00000000c1826388,0x00000000c5480000)
 Metaspace       used 11188K, capacity 11332K, committed 11648K, reserved 1058816K
  class space    used 1261K, capacity 1311K, committed 1408K, reserved 1048576K
Event: 2.891 GC heap after
Heap after GC invocations=11 (full 0):
 PSYoungGen      total 5632K, used 321K [0x00000000eb200000, 0x00000000eb900000, 0x0000000100000000)
  eden space 4096K, 0% used [0x00000000eb200000,0x00000000eb200000,0x00000000eb600000)
  from space 1536K, 20% used [0x00000000eb600000,0x00000000eb6507e0,0x00000000eb780000)
  to   space 1536K, 0% used [0x00000000eb780000,0x00000000eb780000,0x00000000eb900000)
 ParOldGen       total 64000K, used 2376K [0x00000000c1600000, 0x00000000c5480000, 0x00000000eb200000)
  object space 64000K, 3% used [0x00000000c1600000,0x00000000c1852388,0x00000000c5480000)
 Metaspace       used 11188K, capacity 11332K, committed 11648K, reserved 1058816K
  class space    used 1261K, capacity 1311K, committed 1408K, reserved 1048576K
}
Event: 3.321 GC heap before
{Heap before GC invocations=12 (full 0):
 PSYoungGen      total 5632K, used 4417K [0x00000000eb200000, 0x00000000eb900000, 0x0000000100000000)
  eden space 4096K, 100% used [0x00000000eb200000,0x00000000eb600000,0x00000000eb600000)
  from space 1536K, 20% used [0x00000000eb600000,0x00000000eb6507e0,0x00000000eb780000)
  to   space 1536K, 0% used [0x00000000eb780000,0x00000000eb780000,0x00000000eb900000)
 ParOldGen       total 64000K, used 2376K [0x00000000c1600000, 0x00000000c5480000, 0x00000000eb200000)
  object space 64000K, 3% used [0x00000000c1600000,0x00000000c1852388,0x00000000c5480000)
 Metaspace       used 11414K, capacity 11556K, committed 11904K, reserved 1060864K
  class space    used 1292K, capacity 1343K, committed 1408K, reserved 1048576K
Event: 3.322 GC heap after
Heap after GC invocations=12 (full 0):
 PSYoungGen      total 5632K, used 281K [0x00000000eb200000, 0x00000000eb900000, 0x0000000100000000)
  eden space 4096K, 0% used [0x00000000eb200000,0x00000000eb200000,0x00000000eb600000)
  from space 1536K, 18% used [0x00000000eb780000,0x00000000eb7c6740,0x00000000eb900000)
  to   space 1536K, 0% used [0x00000000eb600000,0x00000000eb600000,0x00000000eb780000)
 ParOldGen       total 64000K, used 2479K [0x00000000c1600000, 0x00000000c5480000, 0x00000000eb200000)
  object space 64000K, 3% used [0x00000000c1600000,0x00000000c186be70,0x00000000c5480000)
 Metaspace       used 11414K, capacity 11556K, committed 11904K, reserved 1060864K
  class space    used 1292K, capacity 1343K, committed 1408K, reserved 1048576K
}
Event: 3.550 GC heap before
{Heap before GC invocations=13 (full 0):
 PSYoungGen      total 5632K, used 4377K [0x00000000eb200000, 0x00000000eb900000, 0x0000000100000000)
  eden space 4096K, 100% used [0x00000000eb200000,0x00000000eb600000,0x00000000eb600000)
  from space 1536K, 18% used [0x00000000eb780000,0x00000000eb7c6740,0x00000000eb900000)
  to   space 1536K, 0% used [0x00000000eb600000,0x00000000eb600000,0x00000000eb780000)
 ParOldGen       total 64000K, used 2479K [0x00000000c1600000, 0x00000000c5480000, 0x00000000eb200000)
  object space 64000K, 3% used [0x00000000c1600000,0x00000000c186be70,0x00000000c5480000)
 Metaspace       used 11468K, capacity 11620K, committed 11904K, reserved 1060864K
  class space    used 1300K, capacity 1343K, committed 1408K, reserved 1048576K
Event: 3.551 GC heap after
Heap after GC invocations=13 (full 0):
 PSYoungGen      total 5632K, used 160K [0x00000000eb200000, 0x00000000eb900000, 0x0000000100000000)
  eden space 4096K, 0% used [0x00000000eb200000,0x00000000eb200000,0x00000000eb600000)
  from space 1536K, 10% used [0x00000000eb600000,0x00000000eb628000,0x00000000eb780000)
  to   space 1536K, 0% used [0x00000000eb780000,0x00000000eb780000,0x00000000eb900000)
 ParOldGen       total 64000K, used 2511K [0x00000000c1600000, 0x00000000c5480000, 0x00000000eb200000)
  object space 64000K, 3% used [0x00000000c1600000,0x00000000c1873e70,0x00000000c5480000)
 Metaspace       used 11468K, capacity 11620K, committed 11904K, reserved 1060864K
  class space    used 1300K, capacity 1343K, committed 1408K, reserved 1048576K
}

