# JRE version: Java(TM) SE Runtime Environment (8.0_05-b13) (build 1.8.0_05-b13)
# Java VM: Java HotSpot(TM) 64-Bit Server VM (25.5-b02 mixed mode windows-amd64 compressed oops)
Heap:
 PSYoungGen      total 11776K, used 4258K [0x00000000eb200000, 0x00000000ebe80000, 0x0000000100000000)
  eden space 10752K, 36% used [0x00000000eb200000,0x00000000eb5d0890,0x00000000ebc80000)
  from space 1024K, 34% used [0x00000000ebd80000,0x00000000ebdd8000,0x00000000ebe80000)
  to   space 1024K, 0% used [0x00000000ebc80000,0x00000000ebc80000,0x00000000ebd80000)
 ParOldGen       total 64000K, used 9270K [0x00000000c1600000, 0x00000000c5480000, 0x00000000eb200000)
  object space 64000K, 14% used [0x00000000c1600000,0x00000000c1f0d970,0x00000000c5480000)
 Metaspace       used 11382K, capacity 11492K, committed 11648K, reserved 1058816K
  class space    used 1303K, capacity 1343K, committed 1408K, reserved 1048576K
GC Heap History (10 events):
Event: 0.290 GC heap before
{Heap before GC invocations=8 (full 0):
 PSYoungGen      total 3072K, used 2592K [0x00000000eb200000, 0x00000000eb800000, 0x0000000100000000)
  eden space 2048K, 100% used [0x00000000eb200000,0x00000000eb400000,0x00000000eb400000)
  from space 1024K, 53% used [0x00000000eb400000,0x00000000eb488000,0x00000000eb500000)
  to   space 1024K, 0% used [0x00000000eb700000,0x00000000eb700000,0x00000000eb800000)
 ParOldGen       total 64000K, used 901K [0x00000000c1600000, 0x00000000c5480000, 0x00000000eb200000)
  object space 64000K, 1% used [0x00000000c1600000,0x00000000c16e15d8,0x00000000c5480000)
 Metaspace       used 4930K, capacity 5888K, committed 6016K, reserved 1056768K
  class space    used 514K, capacity 560K, committed 640K, reserved 1048576K
Event: 0.296 GC heap after
Heap after GC invocations=8 (full 0):
 PSYoungGen      total 5120K, used 544K [0x00000000eb200000, 0x00000000eb800000, 0x0000000100000000)
  eden space 4096K, 0% used [0x00000000eb200000,0x00000000eb200000,0x00000000eb600000)
  from space 1024K, 53% used [0x00000000eb700000,0x00000000eb788000,0x00000000eb800000)
  to   space 1024K, 0% used [0x00000000eb600000,0x00000000eb600000,0x00000000eb700000)
 ParOldGen       total 64000K, used 1045K [0x00000000c1600000, 0x00000000c5480000, 0x00000000eb200000)
  object space 64000K, 1% used [0x00000000c1600000,0x00000000c17055d8,0x00000000c5480000)
 Metaspace       used 4930K, capacity 5888K, committed 6016K, reserved 1056768K
  class space    used 514K, capacity 560K, committed 640K, reserved 1048576K
}
Event: 0.369 GC heap before
{Heap before GC invocations=9 (full 0):
 PSYoungGen      total 5120K, used 4640K [0x00000000eb200000, 0x00000000eb800000, 0x0000000100000000)
  eden space 4096K, 100% used [0x00000000eb200000,0x00000000eb600000,0x00000000eb600000)
  from space 1024K, 53% used [0x00000000eb700000,0x00000000eb788000,0x00000000eb800000)
  to   space 1024K, 0% used [0x00000000eb600000,0x00000000eb600000,0x00000000eb700000)
 ParOldGen       total 64000K, used 1045K [0x00000000c1600000, 0x00000000c5480000, 0x00000000eb200000)
  object space 64000K, 1% used [0x00000000c1600000,0x00000000c17055d8,0x00000000c5480000)
 Metaspace       used 5625K, capacity 6304K, committed 6656K, reserved 1056768K
  class space    used 626K, capacity 656K, committed 768K, reserved 1048576K
Event: 0.370 GC heap after
Heap after GC invocations=9 (full 0):
 PSYoungGen      total 5120K, used 608K [0x00000000eb200000, 0x00000000eba80000, 0x0000000100000000)
  eden space 4096K, 0% used [0x00000000eb200000,0x00000000eb200000,0x00000000eb600000)
  from space 1024K, 59% used [0x00000000eb600000,0x00000000eb698000,0x00000000eb700000)
  to   space 1024K, 0% used [0x00000000eb980000,0x00000000eb980000,0x00000000eba80000)
 ParOldGen       total 64000K, used 1165K [0x00000000c1600000, 0x00000000c5480000, 0x00000000eb200000)
  object space 64000K, 1% used [0x00000000c1600000,0x00000000c17235d8,0x00000000c5480000)
 Metaspace       used 5625K, capacity 6304K, committed 6656K, reserved 1056768K
  class space    used 626K, capacity 656K, committed 768K, reserved 1048576K
}
Event: 0.454 GC heap before
{Heap before GC invocations=10 (full 0):
 PSYoungGen      total 5120K, used 4704K [0x00000000eb200000, 0x00000000eba80000, 0x0000000100000000)
  eden space 4096K, 100% used [0x00000000eb200000,0x00000000eb600000,0x00000000eb600000)
  from space 1024K, 59% used [0x00000000eb600000,0x00000000eb698000,0x00000000eb700000)
  to   space 1024K, 0% used [0x00000000eb980000,0x00000000eb980000,0x00000000eba80000)
 ParOldGen       total 64000K, used 1165K [0x00000000c1600000, 0x00000000c5480000, 0x00000000eb200000)
  object space 64000K, 1% used [0x00000000c1600000,0x00000000c17235d8,0x00000000c5480000)
 Metaspace       used 6129K, capacity 6726K, committed 6912K, reserved 1056768K
  class space    used 658K, capacity 689K, committed 768K, reserved 1048576K
Event: 0.455 GC heap after
Heap after GC invocations=10 (full 0):
 PSYoungGen      total 7680K, used 338K [0x00000000eb200000, 0x00000000eba80000, 0x0000000100000000)
  eden space 6656K, 0% used [0x00000000eb200000,0x00000000eb200000,0x00000000eb880000)
  from space 1024K, 33% used [0x00000000eb980000,0x00000000eb9d4a00,0x00000000eba80000)
  to   space 1024K, 0% used [0x00000000eb880000,0x00000000eb880000,0x00000000eb980000)
 ParOldGen       total 64000K, used 1309K [0x00000000c1600000, 0x00000000c5480000, 0x00000000eb200000)
  object space 64000K, 2% used [0x00000000c1600000,0x00000000c17475d8,0x00000000c5480000)
 Metaspace       used 6129K, capacity 6726K, committed 6912K, reserved 1056768K
  class space    used 658K, capacity 689K, committed 768K, reserved 1048576K
}
Event: 1.427 GC heap before
{Heap before GC invocations=11 (full 0):
 PSYoungGen      total 7680K, used 6994K [0x00000000eb200000, 0x00000000eba80000, 0x0000000100000000)
  eden space 6656K, 100% used [0x00000000eb200000,0x00000000eb880000,0x00000000eb880000)
  from space 1024K, 33% used [0x00000000eb980000,0x00000000eb9d4a00,0x00000000eba80000)
  to   space 1024K, 0% used [0x00000000eb880000,0x00000000eb880000,0x00000000eb980000)
 ParOldGen       total 64000K, used 1309K [0x00000000c1600000, 0x00000000c5480000, 0x00000000eb200000)
  object space 64000K, 2% used [0x00000000c1600000,0x00000000c17475d8,0x00000000c5480000)
 Metaspace       used 9625K, capacity 9816K, committed 9856K, reserved 1058816K
  class space    used 1079K, capacity 1149K, committed 1152K, reserved 1048576K
Event: 1.428 GC heap after
Heap after GC invocations=11 (full 0):
 PSYoungGen      total 7680K, used 736K [0x00000000eb200000, 0x00000000ebe80000, 0x0000000100000000)
  eden space 6656K, 0% used [0x00000000eb200000,0x00000000eb200000,0x00000000eb880000)
  from space 1024K, 71% used [0x00000000eb880000,0x00000000eb938000,0x00000000eb980000)
  to   space 1024K, 0% used [0x00000000ebd80000,0x00000000ebd80000,0x00000000ebe80000)
 ParOldGen       total 64000K, used 1453K [0x00000000c1600000, 0x00000000c5480000, 0x00000000eb200000)
  object space 64000K, 2% used [0x00000000c1600000,0x00000000c176b5d8,0x00000000c5480000)
 Metaspace       used 9625K, capacity 9816K, committed 9856K, reserved 1058816K
  class space    used 1079K, capacity 1149K, committed 1152K, reserved 1048576K
}
Event: 1.538 GC heap before
{Heap before GC invocations=12 (full 0):
 PSYoungGen      total 7680K, used 6397K [0x00000000eb200000, 0x00000000ebe80000, 0x0000000100000000)
  eden space 6656K, 85% used [0x00000000eb200000,0x00000000eb787440,0x00000000eb880000)
  from space 1024K, 71% used [0x00000000eb880000,0x00000000eb938000,0x00000000eb980000)
  to   space 1024K, 0% used [0x00000000ebd80000,0x00000000ebd80000,0x00000000ebe80000)
 ParOldGen       total 64000K, used 1453K [0x00000000c1600000, 0x00000000c5480000, 0x00000000eb200000)
  object space 64000K, 2% used [0x00000000c1600000,0x00000000c176b5d8,0x00000000c5480000)
 Metaspace       used 11325K, capacity 11428K, committed 11648K, reserved 1058816K
  class space    used 1298K, capacity 1343K, committed 1408K, reserved 1048576K
Event: 1.541 GC heap after
Heap after GC invocations=12 (full 0):
 PSYoungGen      total 11776K, used 352K [0x00000000eb200000, 0x00000000ebe80000, 0x0000000100000000)
  eden space 10752K, 0% used [0x00000000eb200000,0x00000000eb200000,0x00000000ebc80000)
  from space 1024K, 34% used [0x00000000ebd80000,0x00000000ebdd8000,0x00000000ebe80000)
  to   space 1024K, 0% used [0x00000000ebc80000,0x00000000ebc80000,0x00000000ebd80000)
 ParOldGen       total 64000K, used 9270K [0x00000000c1600000, 0x00000000c5480000, 0x00000000eb200000)
  object space 64000K, 14% used [0x00000000c1600000,0x00000000c1f0d970,0x00000000c5480000)
 Metaspace       used 11325K, capacity 11428K, committed 11648K, reserved 1058816K
  class space    used 1298K, capacity 1343K, committed 1408K, reserved 1048576K
}

