# JRE version: Java(TM) SE Runtime Environment (8.0_05-b13) (build 1.8.0_05-b13)
# Java VM: Java HotSpot(TM) 64-Bit Server VM (25.5-b02 mixed mode windows-amd64 compressed oops)
Heap:
 PSYoungGen      total 7168K, used 1503K [0x00000000eb200000, 0x00000000ebe80000, 0x0000000100000000)
  eden space 6656K, 19% used [0x00000000eb200000,0x00000000eb33fe50,0x00000000eb880000)
  from space 512K, 43% used [0x00000000ebe00000,0x00000000ebe38000,0x00000000ebe80000)
  to   space 1536K, 0% used [0x00000000ebb80000,0x00000000ebb80000,0x00000000ebd00000)
 ParOldGen       total 64000K, used 10105K [0x00000000c1600000, 0x00000000c5480000, 0x00000000eb200000)
  object space 64000K, 15% used [0x00000000c1600000,0x00000000c1fde538,0x00000000c5480000)
 Metaspace       used 11638K, capacity 11780K, committed 11904K, reserved 1060864K
  class space    used 1333K, capacity 1375K, committed 1408K, reserved 1048576K
GC Heap History (10 events):
Event: 0.854 GC heap before
{Heap before GC invocations=8 (full 0):
 PSYoungGen      total 3072K, used 3056K [0x00000000eb200000, 0x00000000eb900000, 0x0000000100000000)
  eden space 2048K, 100% used [0x00000000eb200000,0x00000000eb400000,0x00000000eb400000)
  from space 1024K, 98% used [0x00000000eb400000,0x00000000eb4fc010,0x00000000eb500000)
  to   space 1536K, 0% used [0x00000000eb780000,0x00000000eb780000,0x00000000eb900000)
 ParOldGen       total 64000K, used 1103K [0x00000000c1600000, 0x00000000c5480000, 0x00000000eb200000)
  object space 64000K, 1% used [0x00000000c1600000,0x00000000c1713c40,0x00000000c5480000)
 Metaspace       used 9444K, capacity 9566K, committed 9856K, reserved 1058816K
  class space    used 1051K, capacity 1086K, committed 1152K, reserved 1048576K
Event: 0.855 GC heap after
Heap after GC invocations=8 (full 0):
 PSYoungGen      total 5632K, used 1152K [0x00000000eb200000, 0x00000000eb900000, 0x0000000100000000)
  eden space 4096K, 0% used [0x00000000eb200000,0x00000000eb200000,0x00000000eb600000)
  from space 1536K, 75% used [0x00000000eb780000,0x00000000eb8a0000,0x00000000eb900000)
  to   space 1536K, 0% used [0x00000000eb600000,0x00000000eb600000,0x00000000eb780000)
 ParOldGen       total 64000K, used 1247K [0x00000000c1600000, 0x00000000c5480000, 0x00000000eb200000)
  object space 64000K, 1% used [0x00000000c1600000,0x00000000c1737c40,0x00000000c5480000)
 Metaspace       used 9444K, capacity 9566K, committed 9856K, reserved 1058816K
  class space    used 1051K, capacity 1086K, committed 1152K, reserved 1048576K
}
Event: 0.962 GC heap before
{Heap before GC invocations=9 (full 0):
 PSYoungGen      total 5632K, used 5248K [0x00000000eb200000, 0x00000000eb900000, 0x0000000100000000)
  eden space 4096K, 100% used [0x00000000eb200000,0x00000000eb600000,0x00000000eb600000)
  from space 1536K, 75% used [0x00000000eb780000,0x00000000eb8a0000,0x00000000eb900000)
  to   space 1536K, 0% used [0x00000000eb600000,0x00000000eb600000,0x00000000eb780000)
 ParOldGen       total 64000K, used 1247K [0x00000000c1600000, 0x00000000c5480000, 0x00000000eb200000)
  object space 64000K, 1% used [0x00000000c1600000,0x00000000c1737c40,0x00000000c5480000)
 Metaspace       used 10130K, capacity 10238K, committed 10496K, reserved 1058816K
  class space    used 1149K, capacity 1182K, committed 1280K, reserved 1048576K
Event: 0.963 GC heap after
Heap after GC invocations=9 (full 0):
 PSYoungGen      total 5632K, used 1056K [0x00000000eb200000, 0x00000000ebb80000, 0x0000000100000000)
  eden space 4096K, 0% used [0x00000000eb200000,0x00000000eb200000,0x00000000eb600000)
  from space 1536K, 68% used [0x00000000eb600000,0x00000000eb708000,0x00000000eb780000)
  to   space 1536K, 0% used [0x00000000eba00000,0x00000000eba00000,0x00000000ebb80000)
 ParOldGen       total 64000K, used 1651K [0x00000000c1600000, 0x00000000c5480000, 0x00000000eb200000)
  object space 64000K, 2% used [0x00000000c1600000,0x00000000c179cc50,0x00000000c5480000)
 Metaspace       used 10130K, capacity 10238K, committed 10496K, reserved 1058816K
  class space    used 1149K, capacity 1182K, committed 1280K, reserved 1048576K
}
Event: 1.039 GC heap before
{Heap before GC invocations=10 (full 0):
 PSYoungGen      total 5632K, used 5152K [0x00000000eb200000, 0x00000000ebb80000, 0x0000000100000000)
  eden space 4096K, 100% used [0x00000000eb200000,0x00000000eb600000,0x00000000eb600000)
  from space 1536K, 68% used [0x00000000eb600000,0x00000000eb708000,0x00000000eb780000)
  to   space 1536K, 0% used [0x00000000eba00000,0x00000000eba00000,0x00000000ebb80000)
 ParOldGen       total 64000K, used 1651K [0x00000000c1600000, 0x00000000c5480000, 0x00000000eb200000)
  object space 64000K, 2% used [0x00000000c1600000,0x00000000c179cc50,0x00000000c5480000)
 Metaspace       used 10653K, capacity 10782K, committed 11008K, reserved 1058816K
  class space    used 1226K, capacity 1278K, committed 1280K, reserved 1048576K
Event: 1.041 GC heap after
Heap after GC invocations=10 (full 0):
 PSYoungGen      total 8192K, used 416K [0x00000000eb200000, 0x00000000ebb80000, 0x0000000100000000)
  eden space 6656K, 0% used [0x00000000eb200000,0x00000000eb200000,0x00000000eb880000)
  from space 1536K, 27% used [0x00000000eba00000,0x00000000eba68000,0x00000000ebb80000)
  to   space 1536K, 0% used [0x00000000eb880000,0x00000000eb880000,0x00000000eba00000)
 ParOldGen       total 64000K, used 2195K [0x00000000c1600000, 0x00000000c5480000, 0x00000000eb200000)
  object space 64000K, 3% used [0x00000000c1600000,0x00000000c1824c50,0x00000000c5480000)
 Metaspace       used 10653K, capacity 10782K, committed 11008K, reserved 1058816K
  class space    used 1226K, capacity 1278K, committed 1280K, reserved 1048576K
}
Event: 1.238 GC heap before
{Heap before GC invocations=11 (full 0):
 PSYoungGen      total 8192K, used 7072K [0x00000000eb200000, 0x00000000ebb80000, 0x0000000100000000)
  eden space 6656K, 100% used [0x00000000eb200000,0x00000000eb880000,0x00000000eb880000)
  from space 1536K, 27% used [0x00000000eba00000,0x00000000eba68000,0x00000000ebb80000)
  to   space 1536K, 0% used [0x00000000eb880000,0x00000000eb880000,0x00000000eba00000)
 ParOldGen       total 64000K, used 2195K [0x00000000c1600000, 0x00000000c5480000, 0x00000000eb200000)
  object space 64000K, 3% used [0x00000000c1600000,0x00000000c1824c50,0x00000000c5480000)
 Metaspace       used 11310K, capacity 11460K, committed 11648K, reserved 1058816K
  class space    used 1276K, capacity 1311K, committed 1408K, reserved 1048576K
Event: 1.239 GC heap after
Heap after GC invocations=11 (full 0):
 PSYoungGen      total 8192K, used 428K [0x00000000eb200000, 0x00000000ebf80000, 0x0000000100000000)
  eden space 6656K, 0% used [0x00000000eb200000,0x00000000eb200000,0x00000000eb880000)
  from space 1536K, 27% used [0x00000000eb880000,0x00000000eb8eb140,0x00000000eba00000)
  to   space 1536K, 0% used [0x00000000ebe00000,0x00000000ebe00000,0x00000000ebf80000)
 ParOldGen       total 64000K, used 2377K [0x00000000c1600000, 0x00000000c5480000, 0x00000000eb200000)
  object space 64000K, 3% used [0x00000000c1600000,0x00000000c1852718,0x00000000c5480000)
 Metaspace       used 11310K, capacity 11460K, committed 11648K, reserved 1058816K
  class space    used 1276K, capacity 1311K, committed 1408K, reserved 1048576K
}
Event: 4.539 GC heap before
{Heap before GC invocations=12 (full 0):
 PSYoungGen      total 8192K, used 7084K [0x00000000eb200000, 0x00000000ebf80000, 0x0000000100000000)
  eden space 6656K, 100% used [0x00000000eb200000,0x00000000eb880000,0x00000000eb880000)
  from space 1536K, 27% used [0x00000000eb880000,0x00000000eb8eb140,0x00000000eba00000)
  to   space 1536K, 0% used [0x00000000ebe00000,0x00000000ebe00000,0x00000000ebf80000)
 ParOldGen       total 64000K, used 2377K [0x00000000c1600000, 0x00000000c5480000, 0x00000000eb200000)
  object space 64000K, 3% used [0x00000000c1600000,0x00000000c1852718,0x00000000c5480000)
 Metaspace       used 11492K, capacity 11620K, committed 11904K, reserved 1060864K
  class space    used 1301K, capacity 1343K, committed 1408K, reserved 1048576K
Event: 4.540 GC heap after
Heap after GC invocations=12 (full 0):
 PSYoungGen      total 7168K, used 224K [0x00000000eb200000, 0x00000000ebe80000, 0x0000000100000000)
  eden space 6656K, 0% used [0x00000000eb200000,0x00000000eb200000,0x00000000eb880000)
  from space 512K, 43% used [0x00000000ebe00000,0x00000000ebe38000,0x00000000ebe80000)
  to   space 1536K, 0% used [0x00000000ebb80000,0x00000000ebb80000,0x00000000ebd00000)
 ParOldGen       total 64000K, used 2477K [0x00000000c1600000, 0x00000000c5480000, 0x00000000eb200000)
  object space 64000K, 3% used [0x00000000c1600000,0x00000000c186b728,0x00000000c5480000)
 Metaspace       used 11492K, capacity 11620K, committed 11904K, reserved 1060864K
  class space    used 1301K, capacity 1343K, committed 1408K, reserved 1048576K
}

